2018-02-03T22:05:52.496Z - error: uncaughtException: Unexpected token { date=Sat Feb 03 2018 14:05:52 GMT-0800 (Pacific Standard Time), pid=10228, uid=null, gid=null, cwd=C:\Users\Colin\code\hashtag-polls, execPath=C:\Program Files\nodejs\node.exe, version=v8.9.1, argv=[C:\Program Files\nodejs\node.exe, C:\Users\Colin\code\hashtag-polls\app.js], rss=46678016, heapTotal=31825920, heapUsed=21523560, external=18831026, loadavg=[0, 0, 0], uptime=278992.8744974, trace=[column=10, file=vm.js, function=createScript, line=80, method=null, native=false, column=10, file=vm.js, function=Object.runInThisContext, line=139, method=runInThisContext, native=false, column=28, file=module.js, function=Module._compile, line=599, method=_compile, native=false, column=10, file=module.js, function=Module._extensions..js, line=646, method=.js, native=false, column=32, file=module.js, function=Module.load, line=554, method=load, native=false, column=12, file=module.js, function=tryModuleLoad, line=497, method=null, native=false, column=3, file=module.js, function=Module._load, line=489, method=_load, native=false, column=17, file=module.js, function=Module.require, line=579, method=require, native=false, column=18, file=internal/module.js, function=require, line=11, method=null, native=false, column=12, file=C:\Users\Colin\code\hashtag-polls\app.js, function=null, line=23, method=null, native=false, column=30, file=module.js, function=Module._compile, line=635, method=_compile, native=false, column=10, file=module.js, function=Module._extensions..js, line=646, method=.js, native=false, column=32, file=module.js, function=Module.load, line=554, method=load, native=false, column=12, file=module.js, function=tryModuleLoad, line=497, method=null, native=false, column=3, file=module.js, function=Module._load, line=489, method=_load, native=false, column=10, file=module.js, function=Module.runMain, line=676, method=runMain, native=false], stack=[C:\Users\Colin\code\hashtag-polls\models\campaign.js:25, 	max_tweets{, 	          ^, , SyntaxError: Unexpected token {,     at createScript (vm.js:80:10),     at Object.runInThisContext (vm.js:139:10),     at Module._compile (module.js:599:28),     at Object.Module._extensions..js (module.js:646:10),     at Module.load (module.js:554:32),     at tryModuleLoad (module.js:497:12),     at Function.Module._load (module.js:489:3),     at Module.require (module.js:579:17),     at require (internal/module.js:11:18),     at Object.<anonymous> (C:\Users\Colin\code\hashtag-polls\app.js:23:12),     at Module._compile (module.js:635:30),     at Object.Module._extensions..js (module.js:646:10),     at Module.load (module.js:554:32),     at tryModuleLoad (module.js:497:12),     at Function.Module._load (module.js:489:3),     at Function.Module.runMain (module.js:676:10)]
2018-02-03T22:05:56.841Z - error: uncaughtException: Unexpected token { date=Sat Feb 03 2018 14:05:56 GMT-0800 (Pacific Standard Time), pid=6908, uid=null, gid=null, cwd=C:\Users\Colin\code\hashtag-polls, execPath=C:\Program Files\nodejs\node.exe, version=v8.9.1, argv=[C:\Program Files\nodejs\node.exe, C:\Users\Colin\code\hashtag-polls\app.js], rss=46907392, heapTotal=31825920, heapUsed=21521976, external=18831026, loadavg=[0, 0, 0], uptime=278997.2197459, trace=[column=10, file=vm.js, function=createScript, line=80, method=null, native=false, column=10, file=vm.js, function=Object.runInThisContext, line=139, method=runInThisContext, native=false, column=28, file=module.js, function=Module._compile, line=599, method=_compile, native=false, column=10, file=module.js, function=Module._extensions..js, line=646, method=.js, native=false, column=32, file=module.js, function=Module.load, line=554, method=load, native=false, column=12, file=module.js, function=tryModuleLoad, line=497, method=null, native=false, column=3, file=module.js, function=Module._load, line=489, method=_load, native=false, column=17, file=module.js, function=Module.require, line=579, method=require, native=false, column=18, file=internal/module.js, function=require, line=11, method=null, native=false, column=12, file=C:\Users\Colin\code\hashtag-polls\app.js, function=null, line=23, method=null, native=false, column=30, file=module.js, function=Module._compile, line=635, method=_compile, native=false, column=10, file=module.js, function=Module._extensions..js, line=646, method=.js, native=false, column=32, file=module.js, function=Module.load, line=554, method=load, native=false, column=12, file=module.js, function=tryModuleLoad, line=497, method=null, native=false, column=3, file=module.js, function=Module._load, line=489, method=_load, native=false, column=10, file=module.js, function=Module.runMain, line=676, method=runMain, native=false], stack=[C:\Users\Colin\code\hashtag-polls\models\campaign.js:25, 	max_tweets{, 	          ^, , SyntaxError: Unexpected token {,     at createScript (vm.js:80:10),     at Object.runInThisContext (vm.js:139:10),     at Module._compile (module.js:599:28),     at Object.Module._extensions..js (module.js:646:10),     at Module.load (module.js:554:32),     at tryModuleLoad (module.js:497:12),     at Function.Module._load (module.js:489:3),     at Module.require (module.js:579:17),     at require (internal/module.js:11:18),     at Object.<anonymous> (C:\Users\Colin\code\hashtag-polls\app.js:23:12),     at Module._compile (module.js:635:30),     at Object.Module._extensions..js (module.js:646:10),     at Module.load (module.js:554:32),     at tryModuleLoad (module.js:497:12),     at Function.Module._load (module.js:489:3),     at Function.Module.runMain (module.js:676:10)]
